<?xml version="1.0" encoding="UTF-8"?>
<testng-results skipped="0" failed="0" ignored="0" total="1" passed="1">
  <reporter-output>
  </reporter-output>
  <suite name="Default suite" duration-ms="25864" started-at="2022-04-10T14:18:41 IST" finished-at="2022-04-10T14:19:06 IST">
    <groups>
    </groups>
    <test name="Default test" duration-ms="25864" started-at="2022-04-10T14:18:41 IST" finished-at="2022-04-10T14:19:06 IST">
      <class name="Functionality.CustomerInfo_Update">
        <test-method status="PASS" signature="Customer_Info()[pri:0, instance:Functionality.CustomerInfo_Update@53f65459]" name="Customer_Info" duration-ms="25791" started-at="2022-04-10T14:18:41 IST" finished-at="2022-04-10T14:19:06 IST">
          <reporter-output>
          </reporter-output>
        </test-method> <!-- Customer_Info -->
      </class> <!-- Functionality.CustomerInfo_Update -->
    </test> <!-- Default test -->
  </suite> <!-- Default suite -->
</testng-results>
